Iteration	Posterior	Likelihood	Prior	birth_rate	clock_rate	death_rate	denom	diversification	turnover
0	-218793	-218533	-259.065	0.0610836	0.2162516	0.01200481	0.8034692	0.04907879	0.1965308
10	-112763	-112565	-197.445	2.306247	0.03812241	2.257168	0.02128081	0.04907879	0.9787192
20	-49113.4	-48969.7	-143.729	245.7535	0.001695776	245.7045	0.0001997074	0.04907879	0.9998003
30	-47199.1	-47030.2	-168.844	130.8468	0.0009738651	130.7977	0.0003750858	0.04907879	0.9996249
40	-46403.9	-46213.7	-190.222	20.88841	0.0006835593	20.83933	0.002349571	0.04907879	0.9976504
50	-46104.9	-45894	-210.817	1.296504	0.0005781478	1.247425	0.03785472	0.04907879	0.9621453
60	-46054.4	-45838.9	-215.503	0.2152435	0.0005324223	0.1661647	0.2280152	0.04907879	0.7719848
70	-46033.2	-45813.4	-219.805	0.4375657	0.0005057258	0.3884869	0.1121633	0.04907879	0.8878367
80	-46015.5	-45794.9	-220.595	0.3744976	0.0004912321	0.3254188	0.1310523	0.04907879	0.8689477
90	-46012.4	-45790.5	-221.927	0.3460231	0.0004852714	0.2969443	0.1418368	0.04907879	0.8581632
100	-46009.9	-45788.7	-221.207	0.3750478	0.0004913854	0.325969	0.1308601	0.04907879	0.8691399
110	-46014.1	-45794.1	-219.992	0.1673964	0.0004908057	0.1183176	0.2931891	0.04907879	0.7068109
120	-46010.1	-45788.4	-221.695	0.333614	0.000476797	0.2845353	0.1471125	0.04907879	0.8528875
130	-46009.2	-45785.3	-223.931	0.3388343	0.0004716152	0.2897555	0.144846	0.04907879	0.855154
140	-46010.1	-45785.9	-224.248	0.2205738	0.0004669926	0.171495	0.2225051	0.04907879	0.7774949
150	-46019.4	-45798.2	-221.272	0.1627734	0.0004632579	0.1136946	0.3015161	0.04907879	0.6984839
160	-46018.8	-45793.1	-225.769	0.1092281	0.0004704502	0.0601493	0.4493239	0.04907879	0.5506761
170	-46014.1	-45789.3	-224.856	0.5141141	0.0004643199	0.4650353	0.09546284	0.04907879	0.9045372
180	-46012.4	-45787.6	-224.791	0.1639977	0.0004737398	0.1149189	0.2992651	0.04907879	0.7007349
190	-46011.7	-45787.4	-224.321	0.2775526	0.0004696055	0.2284738	0.176827	0.04907879	0.823173
200	-46006.2	-45784	-222.217	0.3292845	0.0004762769	0.2802057	0.1490468	0.04907879	0.8509532
210	-46009.4	-45785.7	-223.673	0.2478937	0.0004686393	0.1988149	0.1979832	0.04907879	0.8020168
220	-46008.1	-45785.8	-222.267	0.2440895	0.0004849929	0.1950107	0.2010688	0.04907879	0.7989312
230	-46012.1	-45789.5	-222.58	0.2676169	0.0004624467	0.2185381	0.1833919	0.04907879	0.8166081
240	-46009.2	-45785	-224.166	0.7976367	0.0004808632	0.7485579	0.06153025	0.04907879	0.9384697
250	-46011.5	-45789.6	-221.969	0.2448986	0.0004824544	0.1958198	0.2004045	0.04907879	0.7995955
260	-46011.7	-45790.1	-221.552	0.1320994	0.0004784873	0.08302057	0.3715294	0.04907879	0.6284706
270	-46009.1	-45788.2	-220.869	0.4525212	0.0004787234	0.4034424	0.1084563	0.04907879	0.8915437
280	-46015.7	-45793.3	-222.464	0.1548448	0.0004688492	0.105766	0.3169548	0.04907879	0.6830452
290	-46009.8	-45786.4	-223.322	0.1468403	0.0004758456	0.09776152	0.3342324	0.04907879	0.6657676
300	-46017.9	-45794.8	-223.065	0.8267707	0.000471358	0.7776919	0.05936203	0.04907879	0.940638
310	-46018.5	-45796.7	-221.793	0.1341247	0.0004761089	0.08504588	0.3659192	0.04907879	0.6340808
320	-46013.8	-45790.4	-223.368	0.1158302	0.0004674832	0.06675145	0.4237131	0.04907879	0.5762869
330	-46013.2	-45791.3	-221.95	0.1754242	0.0004833176	0.1263454	0.2797721	0.04907879	0.7202279
340	-46012.7	-45790.6	-222.109	0.1314336	0.0004833176	0.08235483	0.3734112	0.04907879	0.6265888
350	-46011.2	-45788.7	-222.51	0.2118683	0.0004761318	0.1627895	0.2316476	0.04907879	0.7683524
360	-46012.7	-45790.4	-222.321	0.2902809	0.0004726515	0.2412021	0.1690735	0.04907879	0.8309265
370	-46019.5	-45796.4	-223.119	0.1241996	0.0004697882	0.07512081	0.3951606	0.04907879	0.6048394
380	-46012.7	-45792.4	-220.243	0.2476152	0.0004711481	0.1985364	0.1982059	0.04907879	0.8017941
390	-46011.9	-45790.2	-221.713	0.2089801	0.0004750552	0.1599013	0.2348491	0.04907879	0.7651509
400	-46013.3	-45790.2	-223.067	0.128578	0.0004784866	0.07949924	0.3817043	0.04907879	0.6182957
410	-46008.6	-45786.8	-221.828	0.5046592	0.0004776228	0.4555804	0.09725135	0.04907879	0.9027487
420	-46006.6	-45784.8	-221.76	0.2192695	0.0004807992	0.1701907	0.2238287	0.04907879	0.7761713
430	-46009	-45787.2	-221.737	0.2053596	0.0004790152	0.1562808	0.2389895	0.04907879	0.7610105
440	-46009.6	-45787.7	-221.891	0.2517912	0.0004779846	0.2027124	0.1949186	0.04907879	0.8050814
450	-46009.9	-45787.6	-222.275	0.1504161	0.000481597	0.1013373	0.3262868	0.04907879	0.6737132
460	-46011.5	-45787.1	-224.348	0.0688719	0.000481639	0.01979311	0.7126098	0.04907879	0.2873902
470	-46012	-45789.7	-222.363	0.1179794	0.0004660311	0.0689006	0.4159946	0.04907879	0.5840054
480	-46009.9	-45789.2	-220.66	0.6355679	0.0004814313	0.5864891	0.07722038	0.04907879	0.9227796
490	-46007.3	-45787.6	-219.747	0.3064324	0.0004848608	0.2573536	0.1601619	0.04907879	0.8398381
500	-46008.7	-45785.6	-223.16	0.1194636	0.0004776883	0.07038482	0.4108263	0.04907879	0.5891737
510	-46016.9	-45795.2	-221.735	0.2857408	0.0004776306	0.236662	0.1717598	0.04907879	0.8282402
520	-46014.9	-45791.6	-223.35	0.09469001	0.0004776306	0.04561122	0.5183101	0.04907879	0.4816899
530	-46010.3	-45785.7	-224.549	0.1136842	0.0004711004	0.06460543	0.4317115	0.04907879	0.5682885
540	-46014.6	-45792	-222.602	0.1266244	0.0004900834	0.07754566	0.3875933	0.04907879	0.6124067
550	-46015.5	-45795.1	-220.48	0.1668388	0.0004911717	0.11776	0.294169	0.04907879	0.705831
560	-46017.4	-45796.3	-221.06	0.172877	0.0004820145	0.1237982	0.2838943	0.04907879	0.7161057
570	-46011.3	-45790	-221.288	0.1636585	0.0004760408	0.1145797	0.2998854	0.04907879	0.7001146
580	-46011.2	-45789.1	-222.066	0.218144	0.0004665519	0.1690652	0.2249835	0.04907879	0.7750165
590	-46012.8	-45792.4	-220.438	0.5078797	0.0004760569	0.4588009	0.09663467	0.04907879	0.9033653
600	-46014.2	-45793.7	-220.522	0.1598617	0.0004859854	0.110783	0.3070077	0.04907879	0.6929923
610	-46008.4	-45787	-221.422	0.3869077	0.0004887229	0.3378289	0.1268488	0.04907879	0.8731512
620	-46016.8	-45794.8	-222.003	0.3353978	0.000475528	0.286319	0.1463301	0.04907879	0.8536699
630	-46010.1	-45790.2	-219.824	0.3338762	0.0004716985	0.2847974	0.146997	0.04907879	0.853003
640	-46009.7	-45787.4	-222.29	0.1619973	0.00047662	0.1129185	0.3029606	0.04907879	0.6970394
650	-46012.4	-45790.1	-222.284	0.2339569	0.000466883	0.1848781	0.2097771	0.04907879	0.7902229
660	-46017.4	-45790.9	-226.465	0.08591839	0.0004679187	0.0368396	0.5712257	0.04907879	0.4287743
670	-46008.9	-45786.2	-222.68	0.5065148	0.0004758064	0.457436	0.09689507	0.04907879	0.9031049
680	-46011.5	-45787.3	-224.223	0.09264905	0.000485518	0.04357026	0.5297279	0.04907879	0.4702721
690	-46011.7	-45789.2	-222.515	0.1244814	0.0004704822	0.07540261	0.394266	0.04907879	0.605734
700	-46007.1	-45785.2	-221.96	0.3632797	0.0004697322	0.3142009	0.1350992	0.04907879	0.8649008
710	-46011.3	-45790.1	-221.257	0.2682883	0.0004713508	0.2192095	0.182933	0.04907879	0.817067
720	-46010.2	-45787.5	-222.709	0.2031268	0.0004836915	0.154048	0.2416165	0.04907879	0.7583835
730	-46012.1	-45789	-223.066	0.1569373	0.0004726056	0.1078585	0.3127287	0.04907879	0.6872713
740	-46011.9	-45789.7	-222.246	0.8551607	0.0004745506	0.8060819	0.05739131	0.04907879	0.9426087
750	-46007.8	-45786.3	-221.438	0.2402558	0.0004770907	0.1911771	0.2042772	0.04907879	0.7957228
760	-46010.3	-45788.8	-221.429	0.2175749	0.0004785613	0.1684961	0.2255719	0.04907879	0.7744281
770	-46009.7	-45786.2	-223.541	0.0921074	0.0004817794	0.04302861	0.5328431	0.04907879	0.4671569
780	-46020.6	-45798	-222.58	0.1290906	0.0004938816	0.08001177	0.3801888	0.04907879	0.6198112
790	-46010.4	-45787.9	-222.478	0.2184198	0.0004849439	0.169341	0.2246994	0.04907879	0.7753006
800	-46014.6	-45792.5	-222.171	0.3293064	0.0004812839	0.2802276	0.1490368	0.04907879	0.8509632
810	-46011.4	-45789.9	-221.57	0.32199	0.0004743125	0.2729112	0.1524233	0.04907879	0.8475767
820	-46007.4	-45786.6	-220.763	0.4817475	0.0004779051	0.4326687	0.1018766	0.04907879	0.8981234
830	-46017	-45795.5	-221.432	0.2034578	0.0004843472	0.154379	0.2412235	0.04907879	0.7587765
840	-46013.7	-45789.9	-223.89	0.09903052	0.0004837084	0.04995173	0.4955926	0.04907879	0.5044074
850	-46006.5	-45784.2	-222.203	0.3285326	0.0004738402	0.2794539	0.1493879	0.04907879	0.8506121
860	-46007.2	-45786	-221.12	0.3124315	0.0004738402	0.2633527	0.1570865	0.04907879	0.8429135
870	-46012.3	-45790.5	-221.83	0.2600067	0.0004925727	0.2109279	0.1887597	0.04907879	0.8112403
880	-46013.9	-45790.4	-223.53	0.188613	0.0004930812	0.1395342	0.2602089	0.04907879	0.7397911
890	-46007.9	-45784	-223.914	0.8256912	0.0004889155	0.7766124	0.05943964	0.04907879	0.9405604
900	-46007.9	-45785	-222.912	0.3484064	0.000477878	0.2993276	0.1408665	0.04907879	0.8591335
910	-46014.2	-45794	-220.13	0.4569335	0.0005012786	0.4078547	0.1074091	0.04907879	0.8925909
920	-46011.7	-45788.4	-223.314	0.1171681	0.0004787631	0.06808928	0.4188751	0.04907879	0.5811249
930	-46006.9	-45785.6	-221.324	0.4740072	0.0004726322	0.4249284	0.1035402	0.04907879	0.8964598
940	-46006.7	-45785.8	-220.902	0.2960088	0.0004849635	0.2469301	0.1658018	0.04907879	0.8341982
950	-46014.2	-45791.1	-223.04	0.1103361	0.000479152	0.06125733	0.4448116	0.04907879	0.5551884
960	-46005.3	-45783	-222.296	0.3776309	0.0004758603	0.3285521	0.129965	0.04907879	0.870035
970	-46013.5	-45792.1	-221.472	0.2359775	0.000476792	0.1868987	0.2079808	0.04907879	0.7920192
980	-46009.1	-45789.1	-219.97	0.2374445	0.000483125	0.1883657	0.2066958	0.04907879	0.7933042
990	-46014.4	-45793.9	-220.448	0.4380195	0.0004808506	0.3889407	0.112047	0.04907879	0.887953
1000	-46010.1	-45788.7	-221.401	0.2878883	0.0004748885	0.2388095	0.1704786	0.04907879	0.8295214
